{"level":"info","message":"Hello from logger","service":"acquisitions-api","timestamp":"2025-09-19T16:32:44.529Z"}
{"level":"info","message":"::1 - - [19/Sep/2025:16:32:44 +0000] \"GET / HTTP/1.1\" 304 - \"-\" \"Mozilla/5.0 (Windows NT 10.0; Win64; x64) AppleWebKit/537.36 (KHTML, like Gecko) Chrome/140.0.0.0 Safari/537.36\"","service":"acquisitions-api","timestamp":"2025-09-19T16:32:44.537Z"}
{"level":"info","message":"::1 - - [20/Sep/2025:10:17:53 +0000] \"POST /api//auth/sign-up HTTP/1.1\" 404 157 \"-\" \"PostmanRuntime/7.46.0\"","service":"acquisitions-api","timestamp":"2025-09-20T10:17:53.830Z"}
{"level":"info","message":"::1 - - [20/Sep/2025:10:17:53 +0000] \"POST /api//auth/sign-up HTTP/1.1\" 404 157 \"-\" \"PostmanRuntime/7.46.0\"","service":"acquisitions-api","timestamp":"2025-09-20T10:17:53.896Z"}
{"level":"info","message":"::1 - - [20/Sep/2025:10:18:39 +0000] \"POST /api//auth/sign-up HTTP/1.1\" 404 157 \"-\" \"PostmanRuntime/7.46.0\"","service":"acquisitions-api","timestamp":"2025-09-20T10:18:39.095Z"}
{"level":"info","message":"::1 - - [20/Sep/2025:10:18:53 +0000] \"POST /api//auth/sign-up HTTP/1.1\" 404 157 \"-\" \"PostmanRuntime/7.46.0\"","service":"acquisitions-api","timestamp":"2025-09-20T10:18:53.606Z"}
{"level":"info","message":"User registered successfully : ","service":"acquisitions-api","timestamp":"2025-09-20T10:19:10.827Z"}
{"level":"info","message":"::1 - - [20/Sep/2025:10:19:10 +0000] \"POST /api/auth/sign-up HTTP/1.1\" 201 102 \"-\" \"PostmanRuntime/7.46.0\"","service":"acquisitions-api","timestamp":"2025-09-20T10:19:10.829Z"}
{"level":"info","message":"::1 - - [20/Sep/2025:10:19:26 +0000] \"POST /api/auth/sign-up HTTP/1.1\" 400 63 \"-\" \"PostmanRuntime/7.46.0\"","service":"acquisitions-api","timestamp":"2025-09-20T10:19:26.669Z"}
{"level":"info","message":"::1 - - [20/Sep/2025:10:19:44 +0000] \"POST /api/auth/sign-up HTTP/1.1\" 400 113 \"-\" \"PostmanRuntime/7.46.0\"","service":"acquisitions-api","timestamp":"2025-09-20T10:19:44.915Z"}
{"level":"info","message":"::1 - - [20/Sep/2025:10:39:22 +0000] \"POST /api/auth/sign-up HTTP/1.1\" 400 63 \"-\" \"PostmanRuntime/7.46.0\"","service":"acquisitions-api","timestamp":"2025-09-20T10:39:22.265Z"}
{"level":"info","message":"User test@gmail.com created successfully","service":"acquisitions-api","timestamp":"2025-09-20T10:39:31.811Z"}
{"level":"info","message":"User registered successfully : ","service":"acquisitions-api","timestamp":"2025-09-20T10:39:31.815Z"}
{"level":"info","message":"::1 - - [20/Sep/2025:10:39:31 +0000] \"POST /api/auth/sign-up HTTP/1.1\" 201 108 \"-\" \"PostmanRuntime/7.46.0\"","service":"acquisitions-api","timestamp":"2025-09-20T10:39:31.816Z"}
{"level":"info","message":"User test@gmail.com authenticated successfully","service":"acquisitions-api","timestamp":"2025-09-20T11:45:53.232Z"}
{"level":"info","message":"User signed in successfully : ","service":"acquisitions-api","timestamp":"2025-09-20T11:45:53.238Z"}
{"level":"info","message":"::1 - - [20/Sep/2025:11:45:53 +0000] \"POST /api/auth/sign-in HTTP/1.1\" 200 107 \"-\" \"PostmanRuntime/7.46.0\"","service":"acquisitions-api","timestamp":"2025-09-20T11:45:53.242Z"}
{"level":"info","message":"User signed out successfully","service":"acquisitions-api","timestamp":"2025-09-20T11:46:29.297Z"}
{"level":"info","message":"::1 - - [20/Sep/2025:11:46:29 +0000] \"POST /api/auth/sign-out HTTP/1.1\" 200 42 \"-\" \"PostmanRuntime/7.46.0\"","service":"acquisitions-api","timestamp":"2025-09-20T11:46:29.298Z"}
{"level":"error","message":"Arcjet middleware erorr ! Cannot read properties of undefined (reading 'headers')","service":"acquisitions-api","stack":"TypeError: Cannot read properties of undefined (reading 'headers')\n    at toArcjetRequest (file:///D:/DevOps/acquisitions/node_modules/@arcjet/node/index.js:123:49)\n    at Object.protect (file:///D:/DevOps/acquisitions/node_modules/@arcjet/node/index.js:193:29)\n    at securityMiddleware (file:///D:/DevOps/acquisitions/src/middleware/security.middleware.js:32:35)\n    at Layer.handleRequest (D:\\DevOps\\acquisitions\\node_modules\\router\\lib\\layer.js:152:17)\n    at trimPrefix (D:\\DevOps\\acquisitions\\node_modules\\router\\index.js:342:13)\n    at D:\\DevOps\\acquisitions\\node_modules\\router\\index.js:297:9\n    at processParams (D:\\DevOps\\acquisitions\\node_modules\\router\\index.js:582:12)\n    at next (D:\\DevOps\\acquisitions\\node_modules\\router\\index.js:291:5)\n    at cookieParser (D:\\DevOps\\acquisitions\\node_modules\\cookie-parser\\index.js:57:14)\n    at Layer.handleRequest (D:\\DevOps\\acquisitions\\node_modules\\router\\lib\\layer.js:152:17)","timestamp":"2025-09-20T12:14:52.795Z"}
{"level":"error","message":"Arcjet middleware erorr ! Cannot read properties of undefined (reading 'headers')","service":"acquisitions-api","stack":"TypeError: Cannot read properties of undefined (reading 'headers')\n    at toArcjetRequest (file:///D:/DevOps/acquisitions/node_modules/@arcjet/node/index.js:123:49)\n    at Object.protect (file:///D:/DevOps/acquisitions/node_modules/@arcjet/node/index.js:193:29)\n    at securityMiddleware (file:///D:/DevOps/acquisitions/src/middleware/security.middleware.js:32:35)\n    at Layer.handleRequest (D:\\DevOps\\acquisitions\\node_modules\\router\\lib\\layer.js:152:17)\n    at trimPrefix (D:\\DevOps\\acquisitions\\node_modules\\router\\index.js:342:13)\n    at D:\\DevOps\\acquisitions\\node_modules\\router\\index.js:297:9\n    at processParams (D:\\DevOps\\acquisitions\\node_modules\\router\\index.js:582:12)\n    at next (D:\\DevOps\\acquisitions\\node_modules\\router\\index.js:291:5)\n    at cookieParser (D:\\DevOps\\acquisitions\\node_modules\\cookie-parser\\index.js:57:14)\n    at Layer.handleRequest (D:\\DevOps\\acquisitions\\node_modules\\router\\lib\\layer.js:152:17)","timestamp":"2025-09-20T12:18:26.504Z"}
{"level":"info","message":"::1 - - [20/Sep/2025:12:21:56 +0000] \"GET /health HTTP/1.1\" 200 74 \"-\" \"PostmanRuntime/7.46.0\"","service":"acquisitions-api","timestamp":"2025-09-20T12:21:56.315Z"}
{"level":"info","message":"::1 - - [20/Sep/2025:12:21:58 +0000] \"GET /health HTTP/1.1\" 200 74 \"-\" \"PostmanRuntime/7.46.0\"","service":"acquisitions-api","timestamp":"2025-09-20T12:21:58.789Z"}
{"level":"info","message":"::1 - - [20/Sep/2025:12:21:59 +0000] \"GET /health HTTP/1.1\" 200 74 \"-\" \"PostmanRuntime/7.46.0\"","service":"acquisitions-api","timestamp":"2025-09-20T12:21:59.663Z"}
{"level":"info","message":"::1 - - [20/Sep/2025:12:22:00 +0000] \"GET /health HTTP/1.1\" 200 74 \"-\" \"PostmanRuntime/7.46.0\"","service":"acquisitions-api","timestamp":"2025-09-20T12:22:00.350Z"}
{"level":"info","message":"::1 - - [20/Sep/2025:12:22:01 +0000] \"GET /health HTTP/1.1\" 200 74 \"-\" \"PostmanRuntime/7.46.0\"","service":"acquisitions-api","timestamp":"2025-09-20T12:22:01.034Z"}
{"level":"info","message":"::1 - - [20/Sep/2025:12:22:01 +0000] \"GET /health HTTP/1.1\" 200 74 \"-\" \"PostmanRuntime/7.46.0\"","service":"acquisitions-api","timestamp":"2025-09-20T12:22:01.756Z"}
{"level":"info","message":"::1 - - [20/Sep/2025:12:22:02 +0000] \"GET /health HTTP/1.1\" 200 74 \"-\" \"PostmanRuntime/7.46.0\"","service":"acquisitions-api","timestamp":"2025-09-20T12:22:02.604Z"}
{"level":"info","message":"::1 - - [20/Sep/2025:12:22:03 +0000] \"GET /health HTTP/1.1\" 200 74 \"-\" \"PostmanRuntime/7.46.0\"","service":"acquisitions-api","timestamp":"2025-09-20T12:22:03.257Z"}
{"level":"info","message":"::1 - - [20/Sep/2025:12:22:04 +0000] \"GET /health HTTP/1.1\" 200 74 \"-\" \"PostmanRuntime/7.46.0\"","service":"acquisitions-api","timestamp":"2025-09-20T12:22:04.911Z"}
{"level":"info","message":"::1 - - [20/Sep/2025:12:22:05 +0000] \"GET /health HTTP/1.1\" 200 74 \"-\" \"PostmanRuntime/7.46.0\"","service":"acquisitions-api","timestamp":"2025-09-20T12:22:05.766Z"}
{"level":"info","message":"::1 - - [20/Sep/2025:12:22:06 +0000] \"GET /health HTTP/1.1\" 200 74 \"-\" \"PostmanRuntime/7.46.0\"","service":"acquisitions-api","timestamp":"2025-09-20T12:22:06.173Z"}
{"level":"info","message":"::1 - - [20/Sep/2025:12:22:06 +0000] \"GET /health HTTP/1.1\" 200 74 \"-\" \"PostmanRuntime/7.46.0\"","service":"acquisitions-api","timestamp":"2025-09-20T12:22:06.644Z"}
{"level":"info","message":"::1 - - [20/Sep/2025:12:22:07 +0000] \"GET /health HTTP/1.1\" 200 74 \"-\" \"PostmanRuntime/7.46.0\"","service":"acquisitions-api","timestamp":"2025-09-20T12:22:07.360Z"}
{"level":"info","message":"::1 - - [20/Sep/2025:12:22:08 +0000] \"GET /health HTTP/1.1\" 200 74 \"-\" \"PostmanRuntime/7.46.0\"","service":"acquisitions-api","timestamp":"2025-09-20T12:22:08.035Z"}
{"level":"info","message":"::1 - - [20/Sep/2025:12:22:08 +0000] \"GET /health HTTP/1.1\" 200 74 \"-\" \"PostmanRuntime/7.46.0\"","service":"acquisitions-api","timestamp":"2025-09-20T12:22:08.689Z"}
{"level":"info","message":"::1 - - [20/Sep/2025:12:22:09 +0000] \"GET /health HTTP/1.1\" 200 74 \"-\" \"PostmanRuntime/7.46.0\"","service":"acquisitions-api","timestamp":"2025-09-20T12:22:09.236Z"}
{"level":"info","message":"::1 - - [20/Sep/2025:12:22:11 +0000] \"GET /health HTTP/1.1\" 200 74 \"-\" \"PostmanRuntime/7.46.0\"","service":"acquisitions-api","timestamp":"2025-09-20T12:22:11.385Z"}
{"level":"info","message":"::1 - - [20/Sep/2025:12:22:12 +0000] \"GET /health HTTP/1.1\" 200 74 \"-\" \"PostmanRuntime/7.46.0\"","service":"acquisitions-api","timestamp":"2025-09-20T12:22:12.317Z"}
{"level":"info","message":"::1 - - [20/Sep/2025:12:22:49 +0000] \"GET /health HTTP/1.1\" 200 74 \"-\" \"PostmanRuntime/7.46.0\"","service":"acquisitions-api","timestamp":"2025-09-20T12:22:49.238Z"}
{"level":"info","message":"::1 - - [20/Sep/2025:12:22:50 +0000] \"GET /health HTTP/1.1\" 200 74 \"-\" \"PostmanRuntime/7.46.0\"","service":"acquisitions-api","timestamp":"2025-09-20T12:22:50.057Z"}
{"level":"info","message":"::1 - - [20/Sep/2025:12:22:57 +0000] \"GET /health HTTP/1.1\" 200 74 \"-\" \"PostmanRuntime/7.46.0\"","service":"acquisitions-api","timestamp":"2025-09-20T12:22:57.345Z"}
{"level":"info","message":"::1 - - [20/Sep/2025:12:23:06 +0000] \"GET /health HTTP/1.1\" 200 74 \"-\" \"PostmanRuntime/7.46.0\"","service":"acquisitions-api","timestamp":"2025-09-20T12:23:06.482Z"}
{"level":"info","message":"::1 - - [20/Sep/2025:12:25:07 +0000] \"GET /health HTTP/1.1\" 200 74 \"-\" \"PostmanRuntime/7.46.0\"","service":"acquisitions-api","timestamp":"2025-09-20T12:25:07.462Z"}
{"level":"info","message":"::1 - - [20/Sep/2025:12:25:08 +0000] \"GET /health HTTP/1.1\" 200 74 \"-\" \"PostmanRuntime/7.46.0\"","service":"acquisitions-api","timestamp":"2025-09-20T12:25:08.325Z"}
{"level":"info","message":"::1 - - [20/Sep/2025:12:25:09 +0000] \"GET /health HTTP/1.1\" 200 74 \"-\" \"PostmanRuntime/7.46.0\"","service":"acquisitions-api","timestamp":"2025-09-20T12:25:09.289Z"}
{"level":"info","message":"::1 - - [20/Sep/2025:12:25:10 +0000] \"GET /health HTTP/1.1\" 200 74 \"-\" \"PostmanRuntime/7.46.0\"","service":"acquisitions-api","timestamp":"2025-09-20T12:25:10.271Z"}
{"level":"info","message":"::1 - - [20/Sep/2025:12:25:11 +0000] \"GET /health HTTP/1.1\" 200 74 \"-\" \"PostmanRuntime/7.46.0\"","service":"acquisitions-api","timestamp":"2025-09-20T12:25:11.019Z"}
{"level":"info","message":"::1 - - [20/Sep/2025:12:25:11 +0000] \"GET /health HTTP/1.1\" 200 74 \"-\" \"PostmanRuntime/7.46.0\"","service":"acquisitions-api","timestamp":"2025-09-20T12:25:11.753Z"}
{"level":"info","message":"::1 - - [20/Sep/2025:12:25:12 +0000] \"GET /health HTTP/1.1\" 200 74 \"-\" \"PostmanRuntime/7.46.0\"","service":"acquisitions-api","timestamp":"2025-09-20T12:25:12.466Z"}
{"level":"info","message":"::1 - - [20/Sep/2025:12:25:13 +0000] \"GET /health HTTP/1.1\" 200 74 \"-\" \"PostmanRuntime/7.46.0\"","service":"acquisitions-api","timestamp":"2025-09-20T12:25:13.153Z"}
{"level":"info","message":"::1 - - [20/Sep/2025:12:25:13 +0000] \"GET /health HTTP/1.1\" 200 74 \"-\" \"PostmanRuntime/7.46.0\"","service":"acquisitions-api","timestamp":"2025-09-20T12:25:13.797Z"}
{"level":"info","message":"::1 - - [20/Sep/2025:12:25:14 +0000] \"GET /health HTTP/1.1\" 200 74 \"-\" \"PostmanRuntime/7.46.0\"","service":"acquisitions-api","timestamp":"2025-09-20T12:25:14.453Z"}
{"level":"info","message":"::1 - - [20/Sep/2025:12:25:18 +0000] \"GET /health HTTP/1.1\" 200 74 \"-\" \"PostmanRuntime/7.46.0\"","service":"acquisitions-api","timestamp":"2025-09-20T12:25:18.504Z"}
{"level":"info","message":"::1 - - [20/Sep/2025:12:25:19 +0000] \"GET /health HTTP/1.1\" 200 74 \"-\" \"PostmanRuntime/7.46.0\"","service":"acquisitions-api","timestamp":"2025-09-20T12:25:19.034Z"}
{"level":"info","message":"::1 - - [20/Sep/2025:12:26:43 +0000] \"GET /health HTTP/1.1\" 200 73 \"-\" \"PostmanRuntime/7.46.0\"","service":"acquisitions-api","timestamp":"2025-09-20T12:26:43.257Z"}
{"level":"info","message":"::1 - - [20/Sep/2025:12:26:44 +0000] \"GET /health HTTP/1.1\" 200 73 \"-\" \"PostmanRuntime/7.46.0\"","service":"acquisitions-api","timestamp":"2025-09-20T12:26:44.239Z"}
{"level":"info","message":"::1 - - [20/Sep/2025:12:26:45 +0000] \"GET /health HTTP/1.1\" 200 73 \"-\" \"PostmanRuntime/7.46.0\"","service":"acquisitions-api","timestamp":"2025-09-20T12:26:45.096Z"}
{"level":"info","message":"::1 - - [20/Sep/2025:12:26:45 +0000] \"GET /health HTTP/1.1\" 200 73 \"-\" \"PostmanRuntime/7.46.0\"","service":"acquisitions-api","timestamp":"2025-09-20T12:26:45.959Z"}
{"level":"info","message":"::1 - - [20/Sep/2025:12:26:46 +0000] \"GET /health HTTP/1.1\" 200 73 \"-\" \"PostmanRuntime/7.46.0\"","service":"acquisitions-api","timestamp":"2025-09-20T12:26:46.721Z"}
{"level":"info","message":"::1 - - [20/Sep/2025:12:26:47 +0000] \"GET /health HTTP/1.1\" 200 74 \"-\" \"PostmanRuntime/7.46.0\"","service":"acquisitions-api","timestamp":"2025-09-20T12:26:47.466Z"}
{"level":"info","message":"::1 - - [20/Sep/2025:12:26:48 +0000] \"GET /health HTTP/1.1\" 200 74 \"-\" \"PostmanRuntime/7.46.0\"","service":"acquisitions-api","timestamp":"2025-09-20T12:26:48.214Z"}
{"level":"info","message":"::1 - - [20/Sep/2025:12:26:50 +0000] \"GET /health HTTP/1.1\" 200 74 \"-\" \"PostmanRuntime/7.46.0\"","service":"acquisitions-api","timestamp":"2025-09-20T12:26:50.619Z"}
{"level":"info","message":"::1 - - [20/Sep/2025:12:26:51 +0000] \"GET /health HTTP/1.1\" 200 74 \"-\" \"PostmanRuntime/7.46.0\"","service":"acquisitions-api","timestamp":"2025-09-20T12:26:51.344Z"}
{"level":"info","message":"::1 - - [20/Sep/2025:12:27:39 +0000] \"GET /health HTTP/1.1\" 200 72 \"-\" \"PostmanRuntime/7.46.0\"","service":"acquisitions-api","timestamp":"2025-09-20T12:27:39.597Z"}
{"level":"info","message":"::1 - - [20/Sep/2025:12:27:40 +0000] \"GET /health HTTP/1.1\" 200 73 \"-\" \"PostmanRuntime/7.46.0\"","service":"acquisitions-api","timestamp":"2025-09-20T12:27:40.573Z"}
{"level":"info","message":"::1 - - [20/Sep/2025:12:27:41 +0000] \"GET /health HTTP/1.1\" 200 74 \"-\" \"PostmanRuntime/7.46.0\"","service":"acquisitions-api","timestamp":"2025-09-20T12:27:41.505Z"}
{"level":"info","message":"::1 - - [20/Sep/2025:12:27:42 +0000] \"GET /health HTTP/1.1\" 200 74 \"-\" \"PostmanRuntime/7.46.0\"","service":"acquisitions-api","timestamp":"2025-09-20T12:27:42.344Z"}
{"level":"info","message":"::1 - - [20/Sep/2025:12:27:43 +0000] \"GET /health HTTP/1.1\" 200 74 \"-\" \"PostmanRuntime/7.46.0\"","service":"acquisitions-api","timestamp":"2025-09-20T12:27:43.151Z"}
{"level":"info","message":"::1 - - [20/Sep/2025:12:27:43 +0000] \"GET /health HTTP/1.1\" 200 74 \"-\" \"PostmanRuntime/7.46.0\"","service":"acquisitions-api","timestamp":"2025-09-20T12:27:43.961Z"}
{"level":"info","message":"::1 - - [20/Sep/2025:12:27:44 +0000] \"GET /health HTTP/1.1\" 200 74 \"-\" \"PostmanRuntime/7.46.0\"","service":"acquisitions-api","timestamp":"2025-09-20T12:27:44.742Z"}
{"level":"info","message":"::1 - - [20/Sep/2025:12:27:45 +0000] \"GET /health HTTP/1.1\" 200 74 \"-\" \"PostmanRuntime/7.46.0\"","service":"acquisitions-api","timestamp":"2025-09-20T12:27:45.509Z"}
{"level":"info","message":"::1 - - [20/Sep/2025:12:27:46 +0000] \"GET /health HTTP/1.1\" 200 74 \"-\" \"PostmanRuntime/7.46.0\"","service":"acquisitions-api","timestamp":"2025-09-20T12:27:46.196Z"}
{"level":"info","message":"::1 - - [20/Sep/2025:12:27:46 +0000] \"GET /health HTTP/1.1\" 200 74 \"-\" \"PostmanRuntime/7.46.0\"","service":"acquisitions-api","timestamp":"2025-09-20T12:27:46.882Z"}
{"level":"info","message":"::1 - - [20/Sep/2025:12:27:47 +0000] \"GET /health HTTP/1.1\" 200 74 \"-\" \"PostmanRuntime/7.46.0\"","service":"acquisitions-api","timestamp":"2025-09-20T12:27:47.537Z"}
{"level":"info","message":"::1 - - [20/Sep/2025:12:27:48 +0000] \"GET /health HTTP/1.1\" 200 73 \"-\" \"PostmanRuntime/7.46.0\"","service":"acquisitions-api","timestamp":"2025-09-20T12:27:48.164Z"}
{"level":"info","message":"::1 - - [20/Sep/2025:12:28:16 +0000] \"GET /health HTTP/1.1\" 200 73 \"-\" \"PostmanRuntime/7.46.0\"","service":"acquisitions-api","timestamp":"2025-09-20T12:28:16.282Z"}
{"level":"info","message":"::1 - - [20/Sep/2025:12:30:13 +0000] \"GET /health HTTP/1.1\" 200 75 \"-\" \"PostmanRuntime/7.46.0\"","service":"acquisitions-api","timestamp":"2025-09-20T12:30:13.278Z"}
{"ip":"::1","level":"warn","message":"Bot request blocked","path":"/health","service":"acquisitions-api","timestamp":"2025-09-20T12:31:02.849Z","userAgent":"PostmanRuntime/7.46.0"}
{"level":"info","message":"::1 - - [20/Sep/2025:12:31:02 +0000] \"GET /health HTTP/1.1\" 403 67 \"-\" \"PostmanRuntime/7.46.0\"","service":"acquisitions-api","timestamp":"2025-09-20T12:31:02.856Z"}
{"ip":"::1","level":"warn","message":"Bot request blocked","path":"/health","service":"acquisitions-api","timestamp":"2025-09-20T12:31:08.638Z","userAgent":"PostmanRuntime/7.46.0"}
{"level":"info","message":"::1 - - [20/Sep/2025:12:31:08 +0000] \"GET /health HTTP/1.1\" 403 67 \"-\" \"PostmanRuntime/7.46.0\"","service":"acquisitions-api","timestamp":"2025-09-20T12:31:08.640Z"}
{"ip":"::1","level":"warn","message":"Bot request blocked","path":"/health","service":"acquisitions-api","timestamp":"2025-09-20T12:31:09.545Z","userAgent":"PostmanRuntime/7.46.0"}
{"level":"info","message":"::1 - - [20/Sep/2025:12:31:09 +0000] \"GET /health HTTP/1.1\" 403 67 \"-\" \"PostmanRuntime/7.46.0\"","service":"acquisitions-api","timestamp":"2025-09-20T12:31:09.546Z"}
{"ip":"::1","level":"warn","message":"Bot request blocked","path":"/health","service":"acquisitions-api","timestamp":"2025-09-20T12:31:21.941Z","userAgent":"Mozilla/5.0 (Windows NT 10.0; Win64; x64) AppleWebKit/537.36 (KHTML, like Gecko) Chrome/140.0.0.0 Safari/537.36"}
{"level":"info","message":"::1 - - [20/Sep/2025:12:31:21 +0000] \"GET /health HTTP/1.1\" 403 67 \"-\" \"Mozilla/5.0 (Windows NT 10.0; Win64; x64) AppleWebKit/537.36 (KHTML, like Gecko) Chrome/140.0.0.0 Safari/537.36\"","service":"acquisitions-api","timestamp":"2025-09-20T12:31:21.942Z"}
{"ip":"::1","level":"warn","message":"Bot request blocked","path":"/favicon.ico","service":"acquisitions-api","timestamp":"2025-09-20T12:31:22.035Z","userAgent":"Mozilla/5.0 (Windows NT 10.0; Win64; x64) AppleWebKit/537.36 (KHTML, like Gecko) Chrome/140.0.0.0 Safari/537.36"}
{"level":"info","message":"::1 - - [20/Sep/2025:12:31:22 +0000] \"GET /favicon.ico HTTP/1.1\" 403 67 \"-\" \"Mozilla/5.0 (Windows NT 10.0; Win64; x64) AppleWebKit/537.36 (KHTML, like Gecko) Chrome/140.0.0.0 Safari/537.36\"","service":"acquisitions-api","timestamp":"2025-09-20T12:31:22.037Z"}
{"ip":"::1","level":"warn","message":"Bot request blocked","path":"/health","service":"acquisitions-api","timestamp":"2025-09-20T12:32:12.775Z","userAgent":"PostmanRuntime/7.46.0"}
{"level":"info","message":"::1 - - [20/Sep/2025:12:32:12 +0000] \"GET /health HTTP/1.1\" 403 67 \"-\" \"PostmanRuntime/7.46.0\"","service":"acquisitions-api","timestamp":"2025-09-20T12:32:12.776Z"}
{"ip":"::1","level":"warn","message":"Bot request blocked","path":"/","service":"acquisitions-api","timestamp":"2025-09-20T12:32:17.183Z","userAgent":"PostmanRuntime/7.46.0"}
{"level":"info","message":"::1 - - [20/Sep/2025:12:32:17 +0000] \"GET / HTTP/1.1\" 403 67 \"-\" \"PostmanRuntime/7.46.0\"","service":"acquisitions-api","timestamp":"2025-09-20T12:32:17.185Z"}
{"ip":"::1","level":"warn","message":"Bot request blocked","path":"/","service":"acquisitions-api","timestamp":"2025-09-20T12:32:19.445Z","userAgent":"PostmanRuntime/7.46.0"}
{"level":"info","message":"::1 - - [20/Sep/2025:12:32:19 +0000] \"GET / HTTP/1.1\" 403 67 \"-\" \"PostmanRuntime/7.46.0\"","service":"acquisitions-api","timestamp":"2025-09-20T12:32:19.446Z"}
{"ip":"::1","isBot":false,"isDenied":false,"isRateLimit":false,"isShield":false,"level":"info","message":"Arcjet decision","path":"/","service":"acquisitions-api","timestamp":"2025-09-20T12:34:48.732Z","userAgent":"PostmanRuntime/7.46.0"}
{"level":"info","message":"Hello from logger","service":"acquisitions-api","timestamp":"2025-09-20T12:34:48.735Z"}
{"level":"info","message":"::1 - - [20/Sep/2025:12:34:48 +0000] \"GET / HTTP/1.1\" 200 25 \"-\" \"PostmanRuntime/7.46.0\"","service":"acquisitions-api","timestamp":"2025-09-20T12:34:48.739Z"}
{"ip":"::1","isBot":false,"isDenied":false,"isRateLimit":false,"isShield":false,"level":"info","message":"Arcjet decision","path":"/health","service":"acquisitions-api","timestamp":"2025-09-20T12:34:55.858Z","userAgent":"PostmanRuntime/7.46.0"}
{"level":"info","message":"::1 - - [20/Sep/2025:12:34:55 +0000] \"GET /health HTTP/1.1\" 200 74 \"-\" \"PostmanRuntime/7.46.0\"","service":"acquisitions-api","timestamp":"2025-09-20T12:34:55.859Z"}
{"ip":"::1","isBot":false,"isDenied":false,"isRateLimit":false,"isShield":false,"level":"info","message":"Arcjet decision","path":"/health","service":"acquisitions-api","timestamp":"2025-09-20T12:34:58.975Z","userAgent":"PostmanRuntime/7.46.0"}
{"level":"info","message":"::1 - - [20/Sep/2025:12:34:58 +0000] \"GET /health HTTP/1.1\" 200 74 \"-\" \"PostmanRuntime/7.46.0\"","service":"acquisitions-api","timestamp":"2025-09-20T12:34:58.976Z"}
{"ip":"::1","isBot":false,"isDenied":false,"isRateLimit":false,"isShield":false,"level":"info","message":"Arcjet decision","path":"/health","service":"acquisitions-api","timestamp":"2025-09-20T12:34:59.966Z","userAgent":"PostmanRuntime/7.46.0"}
{"level":"info","message":"::1 - - [20/Sep/2025:12:34:59 +0000] \"GET /health HTTP/1.1\" 200 74 \"-\" \"PostmanRuntime/7.46.0\"","service":"acquisitions-api","timestamp":"2025-09-20T12:34:59.967Z"}
{"ip":"::1","isBot":false,"isDenied":false,"isRateLimit":false,"isShield":false,"level":"info","message":"Arcjet decision","path":"/health","service":"acquisitions-api","timestamp":"2025-09-20T12:35:01.034Z","userAgent":"PostmanRuntime/7.46.0"}
{"level":"info","message":"::1 - - [20/Sep/2025:12:35:01 +0000] \"GET /health HTTP/1.1\" 200 74 \"-\" \"PostmanRuntime/7.46.0\"","service":"acquisitions-api","timestamp":"2025-09-20T12:35:01.035Z"}
{"ip":"::1","isBot":false,"isDenied":false,"isRateLimit":false,"isShield":false,"level":"info","message":"Arcjet decision","path":"/health","service":"acquisitions-api","timestamp":"2025-09-20T12:35:01.939Z","userAgent":"PostmanRuntime/7.46.0"}
{"level":"info","message":"::1 - - [20/Sep/2025:12:35:01 +0000] \"GET /health HTTP/1.1\" 200 74 \"-\" \"PostmanRuntime/7.46.0\"","service":"acquisitions-api","timestamp":"2025-09-20T12:35:01.940Z"}
{"ip":"::1","isBot":false,"isDenied":true,"isRateLimit":true,"isShield":false,"level":"info","message":"Arcjet decision","path":"/health","service":"acquisitions-api","timestamp":"2025-09-20T12:35:02.993Z","userAgent":"PostmanRuntime/7.46.0"}
{"ip":"::1","level":"warn","message":"Rate limit exceeded","method":"GET","path":"/health","service":"acquisitions-api","timestamp":"2025-09-20T12:35:02.993Z","userAgent":"PostmanRuntime/7.46.0"}
{"level":"info","message":"::1 - - [20/Sep/2025:12:35:02 +0000] \"GET /health HTTP/1.1\" 403 88 \"-\" \"PostmanRuntime/7.46.0\"","service":"acquisitions-api","timestamp":"2025-09-20T12:35:02.994Z"}
{"ip":"::1","isBot":false,"isDenied":true,"isRateLimit":true,"isShield":false,"level":"info","message":"Arcjet decision","path":"/health","service":"acquisitions-api","timestamp":"2025-09-20T12:35:08.274Z","userAgent":"PostmanRuntime/7.46.0"}
{"ip":"::1","level":"warn","message":"Rate limit exceeded","method":"GET","path":"/health","service":"acquisitions-api","timestamp":"2025-09-20T12:35:08.275Z","userAgent":"PostmanRuntime/7.46.0"}
{"level":"info","message":"::1 - - [20/Sep/2025:12:35:08 +0000] \"GET /health HTTP/1.1\" 403 88 \"-\" \"PostmanRuntime/7.46.0\"","service":"acquisitions-api","timestamp":"2025-09-20T12:35:08.276Z"}
{"ip":"::1","isBot":false,"isDenied":true,"isRateLimit":true,"isShield":false,"level":"info","message":"Arcjet decision","path":"/health","service":"acquisitions-api","timestamp":"2025-09-20T12:35:09.036Z","userAgent":"PostmanRuntime/7.46.0"}
{"ip":"::1","level":"warn","message":"Rate limit exceeded","method":"GET","path":"/health","service":"acquisitions-api","timestamp":"2025-09-20T12:35:09.036Z","userAgent":"PostmanRuntime/7.46.0"}
{"level":"info","message":"::1 - - [20/Sep/2025:12:35:09 +0000] \"GET /health HTTP/1.1\" 403 88 \"-\" \"PostmanRuntime/7.46.0\"","service":"acquisitions-api","timestamp":"2025-09-20T12:35:09.037Z"}
